2025-02-12 10:23:12 Loading main app package /usr/lib/obsidian/obsidian.asar
2025-02-12 10:23:12 Checking for update using Github
2025-02-12 10:23:12 Success.
2025-02-12 10:23:12 Latest version is 1.8.4
2025-02-12 10:23:12 App is up to date.
2025-02-12 13:17:48 Loading main app package /usr/lib/obsidian/obsidian.asar
2025-02-12 13:17:48 Checking for update using Github
2025-02-12 13:17:48 Success.
2025-02-12 13:17:48 Latest version is 1.8.4
2025-02-12 13:17:48 App is up to date.
2025-02-12 14:17:48 Checking for update using Github
2025-02-12 14:17:48 Success.
2025-02-12 14:17:48 Latest version is 1.8.4
2025-02-12 14:17:48 App is up to date.
2025-02-13 11:37:38 Loading main app package /usr/lib/obsidian/obsidian.asar
2025-02-13 11:37:38 Checking for update using Github
2025-02-13 11:37:38 Success.
2025-02-13 11:37:38 Latest version is 1.8.4
2025-02-13 11:37:38 App is up to date.
2025-02-14 08:48:06 Checking for update using Github
2025-02-14 08:48:06 Failed to check for update using Github (net::ERR_INTERNET_DISCONNECTED)
2025-02-14 08:48:06 Checking for update using obsidian.md
